<?xml version="1.0" encoding="UTF-8"?>
<testsuite xmlns:xsi="http://www.w3.org/2001/XMLSchema-instance" xsi:noNamespaceSchemaLocation="https://maven.apache.org/surefire/maven-surefire-plugin/xsd/surefire-test-report-3.0.xsd" version="3.0" name="Dominio.RecomendadorActividadesTest" time="0.015" tests="22" errors="0" skipped="0" failures="3">
  <properties>
    <property name="java.specification.version" value="25"/>
    <property name="sun.cpu.isalist" value="amd64"/>
    <property name="sun.jnu.encoding" value="Cp1252"/>
    <property name="java.class.path" value="C:\Users\mgril\AppData\Local\GitHubDesktop\ISO2-2025-GrupoB03-Testing-P3\ISO2-2025-GrupoB.03-Testing-P3\target\test-classes;C:\Users\mgril\AppData\Local\GitHubDesktop\ISO2-2025-GrupoB03-Testing-P3\ISO2-2025-GrupoB.03-Testing-P3\target\classes;C:\Users\mgril\.m2\repository\junit\junit\4.13.2\junit-4.13.2.jar;C:\Users\mgril\.m2\repository\org\hamcrest\hamcrest-core\1.3\hamcrest-core-1.3.jar;"/>
    <property name="java.vm.vendor" value="Oracle Corporation"/>
    <property name="sun.arch.data.model" value="64"/>
    <property name="user.variant" value=""/>
    <property name="java.vendor.url" value="https://java.oracle.com/"/>
    <property name="user.timezone" value="Europe/Madrid"/>
    <property name="os.name" value="Windows 11"/>
    <property name="java.vm.specification.version" value="25"/>
    <property name="sun.java.launcher" value="SUN_STANDARD"/>
    <property name="user.country" value="ES"/>
    <property name="sun.boot.library.path" value="C:\Program Files\Java\jdk-25\bin"/>
    <property name="sun.java.command" value="C:\Users\mgril\AppData\Local\Temp\surefire13228835697130465220\surefirebooter-20251202123422411_3.jar C:\Users\mgril\AppData\Local\Temp\surefire13228835697130465220 2025-12-02T12-34-21_705-jvmRun1 surefire-20251202123422411_1tmp surefire_0-20251202123422411_2tmp"/>
    <property name="jdk.debug" value="release"/>
    <property name="surefire.test.class.path" value="C:\Users\mgril\AppData\Local\GitHubDesktop\ISO2-2025-GrupoB03-Testing-P3\ISO2-2025-GrupoB.03-Testing-P3\target\test-classes;C:\Users\mgril\AppData\Local\GitHubDesktop\ISO2-2025-GrupoB03-Testing-P3\ISO2-2025-GrupoB.03-Testing-P3\target\classes;C:\Users\mgril\.m2\repository\junit\junit\4.13.2\junit-4.13.2.jar;C:\Users\mgril\.m2\repository\org\hamcrest\hamcrest-core\1.3\hamcrest-core-1.3.jar;"/>
    <property name="sun.cpu.endian" value="little"/>
    <property name="user.home" value="C:\Users\mgril"/>
    <property name="user.language" value="es"/>
    <property name="java.specification.vendor" value="Oracle Corporation"/>
    <property name="java.version.date" value="2025-09-16"/>
    <property name="java.home" value="C:\Program Files\Java\jdk-25"/>
    <property name="file.separator" value="\"/>
    <property name="basedir" value="C:\Users\mgril\AppData\Local\GitHubDesktop\ISO2-2025-GrupoB03-Testing-P3\ISO2-2025-GrupoB.03-Testing-P3"/>
    <property name="java.vm.compressedOopsMode" value="Zero based"/>
    <property name="line.separator" value="&#10;"/>
    <property name="java.vm.specification.vendor" value="Oracle Corporation"/>
    <property name="java.specification.name" value="Java Platform API Specification"/>
    <property name="surefire.real.class.path" value="C:\Users\mgril\AppData\Local\Temp\surefire13228835697130465220\surefirebooter-20251202123422411_3.jar"/>
    <property name="user.script" value=""/>
    <property name="sun.management.compiler" value="HotSpot 64-Bit Tiered Compilers"/>
    <property name="java.runtime.version" value="25+37-LTS-3491"/>
    <property name="user.name" value="mgril"/>
    <property name="stdout.encoding" value="Cp1252"/>
    <property name="path.separator" value=";"/>
    <property name="os.version" value="10.0"/>
    <property name="java.runtime.name" value="Java(TM) SE Runtime Environment"/>
    <property name="file.encoding" value="UTF-8"/>
    <property name="java.vm.name" value="Java HotSpot(TM) 64-Bit Server VM"/>
    <property name="localRepository" value="C:\Users\mgril\.m2\repository"/>
    <property name="java.vendor.url.bug" value="https://bugreport.java.com/bugreport/"/>
    <property name="java.io.tmpdir" value="C:\Users\mgril\AppData\Local\Temp\"/>
    <property name="java.version" value="25"/>
    <property name="user.dir" value="C:\Users\mgril\AppData\Local\GitHubDesktop\ISO2-2025-GrupoB03-Testing-P3\ISO2-2025-GrupoB.03-Testing-P3"/>
    <property name="os.arch" value="amd64"/>
    <property name="java.vm.specification.name" value="Java Virtual Machine Specification"/>
    <property name="sun.os.patch.level" value=""/>
    <property name="native.encoding" value="Cp1252"/>
    <property name="java.library.path" value="C:\Program Files\Java\jdk-25\bin;C:\WINDOWS\Sun\Java\bin;C:\WINDOWS\system32;C:\WINDOWS;c:\Users\mgril\AppData\Roaming\Code\User\globalStorage\github.copilot-chat\debugCommand;c:\Users\mgril\AppData\Roaming\Code\User\globalStorage\github.copilot-chat\copilotCli;C:\Program Files\Microsoft MPI\Bin\;C:\Program Files\Common Files\Oracle\Java\javapath;C:\Program Files (x86)\Common Files\Oracle\Java\javapath;C:\WINDOWS\system32;C:\WINDOWS;C:\WINDOWS\System32\Wbem;C:\WINDOWS\System32\WindowsPowerShell\v1.0\;C:\WINDOWS\System32\OpenSSH\;C:\Program Files\MATLAB\R2022b\bin;C:\Program Files\HP\HP One Agent;C:\Program Files\dotnet\;C:\WINDOWS\system32;C:\WINDOWS;C:\WINDOWS\System32\Wbem;C:\WINDOWS\System32\WindowsPowerShell\v1.0\;C:\WINDOWS\System32\OpenSSH\;C:\Program Files (x86)\Microsoft SQL Server\160\Tools\Binn\;C:\Program Files\Microsoft SQL Server\160\Tools\Binn\;C:\Program Files\Microsoft SQL Server\Client SDK\ODBC\170\Tools\Binn\;C:\Program Files\Microsoft SQL Server\160\DTS\Binn\;C:\Program Files (x86)\Microsoft SQL Server\160\DTS\Binn\;C:\Program Files\nodejs\;C:\Program Files\Git\cmd;C:\Users\mgril\AppData\Local\Programs\Python\Python313\Scripts\;C:\Users\mgril\AppData\Local\Programs\Python\Python313\;C:\Users\mgril\AppData\Local\Microsoft\WindowsApps;;C:\Users\mgri;C:\Users\mgril\AppData\Local\Programs\Python\Python313\Scripts\;C:\Users\mgril\AppData\Local\Programs\Python\Python313\;C:\Users\mgril\AppData\Local\Microsoft\WindowsApps;C:\Users\mgril\AppData\Local\Programs\Microsoft VS Code\bin;C:\Users\mgril\.dotnet\tools;C:\Program Files\JetBrains\IntelliJ IDEA 2024.3.3\bin;;C:\Users\mgril\AppData\Roaming\npm;C:\Maven\apache-maven-3.9.10\bin;C:\Users\mgril\AppData\Local\GitHubDesktop\bin;C:\Program Files\Apache\apache-maven-3.9.10\bin;C:\Program Files\Java\jdk-25\bin;c:\Users\mgril\.vscode\extensions\vscjava.vscode-java-debug-0.58.3\bundled\scripts\noConfigScripts;."/>
    <property name="java.vm.info" value="mixed mode, sharing"/>
    <property name="stderr.encoding" value="Cp1252"/>
    <property name="java.vendor" value="Oracle Corporation"/>
    <property name="java.vm.version" value="25+37-LTS-3491"/>
    <property name="stdin.encoding" value="Cp1252"/>
    <property name="sun.io.unicode.encoding" value="UnicodeLittle"/>
    <property name="java.class.version" value="69.0"/>
  </properties>
  <testcase name="testSaludNoEnPlenasFacultades" classname="Dominio.RecomendadorActividadesTest" time="0.0"/>
  <testcase name="testEsquiRecomendado" classname="Dominio.RecomendadorActividadesTest" time="0.0"/>
  <testcase name="testSenderismoEscaladaRecomendadoLimiteSuperior" classname="Dominio.RecomendadorActividadesTest" time="0.0"/>
  <testcase name="testPlayaPiscinaRecomendada" classname="Dominio.RecomendadorActividadesTest" time="0.0">
    <failure message="expected:&lt;...ividad recomendada: [Ir a la playa o piscina].&gt; but was:&lt;...ividad recomendada: [Actividades culturales o gastronómicas].&gt;" type="org.junit.ComparisonFailure"><![CDATA[org.junit.ComparisonFailure: expected:<...ividad recomendada: [Ir a la playa o piscina].> but was:<...ividad recomendada: [Actividades culturales o gastronómicas].>
	at org.junit.Assert.assertEquals(Assert.java:117)
	at org.junit.Assert.assertEquals(Assert.java:146)
	at Dominio.RecomendadorActividadesTest.testPlayaPiscinaRecomendada(RecomendadorActividadesTest.java:154)
	at java.base/jdk.internal.reflect.DirectMethodHandleAccessor.invoke(DirectMethodHandleAccessor.java:104)
	at java.base/java.lang.reflect.Method.invoke(Method.java:565)
	at org.junit.runners.model.FrameworkMethod$1.runReflectiveCall(FrameworkMethod.java:59)
	at org.junit.internal.runners.model.ReflectiveCallable.run(ReflectiveCallable.java:12)
	at org.junit.runners.model.FrameworkMethod.invokeExplosively(FrameworkMethod.java:56)
	at org.junit.internal.runners.statements.InvokeMethod.evaluate(InvokeMethod.java:17)
	at org.junit.runners.ParentRunner$3.evaluate(ParentRunner.java:306)
	at org.junit.runners.BlockJUnit4ClassRunner$1.evaluate(BlockJUnit4ClassRunner.java:100)
	at org.junit.runners.ParentRunner.runLeaf(ParentRunner.java:366)
	at org.junit.runners.BlockJUnit4ClassRunner.runChild(BlockJUnit4ClassRunner.java:103)
	at org.junit.runners.BlockJUnit4ClassRunner.runChild(BlockJUnit4ClassRunner.java:63)
	at org.junit.runners.ParentRunner$4.run(ParentRunner.java:331)
	at org.junit.runners.ParentRunner$1.schedule(ParentRunner.java:79)
	at org.junit.runners.ParentRunner.runChildren(ParentRunner.java:329)
	at org.junit.runners.ParentRunner.access$100(ParentRunner.java:66)
	at org.junit.runners.ParentRunner$2.evaluate(ParentRunner.java:293)
	at org.junit.runners.ParentRunner$3.evaluate(ParentRunner.java:306)
	at org.junit.runners.ParentRunner.run(ParentRunner.java:413)
	at org.apache.maven.surefire.junit4.JUnit4Provider.execute(JUnit4Provider.java:316)
	at org.apache.maven.surefire.junit4.JUnit4Provider.executeWithRerun(JUnit4Provider.java:240)
	at org.apache.maven.surefire.junit4.JUnit4Provider.executeTestSet(JUnit4Provider.java:214)
	at org.apache.maven.surefire.junit4.JUnit4Provider.invoke(JUnit4Provider.java:155)
	at org.apache.maven.surefire.booter.ForkedBooter.runSuitesInProcess(ForkedBooter.java:385)
	at org.apache.maven.surefire.booter.ForkedBooter.execute(ForkedBooter.java:162)
	at org.apache.maven.surefire.booter.ForkedBooter.run(ForkedBooter.java:507)
	at org.apache.maven.surefire.booter.ForkedBooter.main(ForkedBooter.java:495)
]]></failure>
  </testcase>
  <testcase name="testClimaExtremoQuedarseEnCasa" classname="Dominio.RecomendadorActividadesTest" time="0.0"/>
  <testcase name="testCulturalesYGastronomicasBordeInferior" classname="Dominio.RecomendadorActividadesTest" time="0.001"/>
  <testcase name="testAforoActualNegativoLanzaExcepcion" classname="Dominio.RecomendadorActividadesTest" time="0.0"/>
  <testcase name="testEsquiAforoCompleto" classname="Dominio.RecomendadorActividadesTest" time="0.0"/>
  <testcase name="testPlayaPiscinaTemperaturaJustoMayorQue30" classname="Dominio.RecomendadorActividadesTest" time="0.0">
    <failure message="expected:&lt;...ividad recomendada: [Ir a la playa o piscina].&gt; but was:&lt;...ividad recomendada: [Actividades culturales o gastronómicas].&gt;" type="org.junit.ComparisonFailure"><![CDATA[org.junit.ComparisonFailure: expected:<...ividad recomendada: [Ir a la playa o piscina].> but was:<...ividad recomendada: [Actividades culturales o gastronómicas].>
	at org.junit.Assert.assertEquals(Assert.java:117)
	at org.junit.Assert.assertEquals(Assert.java:146)
	at Dominio.RecomendadorActividadesTest.testPlayaPiscinaTemperaturaJustoMayorQue30(RecomendadorActividadesTest.java:170)
	at java.base/jdk.internal.reflect.DirectMethodHandleAccessor.invoke(DirectMethodHandleAccessor.java:104)
	at java.base/java.lang.reflect.Method.invoke(Method.java:565)
	at org.junit.runners.model.FrameworkMethod$1.runReflectiveCall(FrameworkMethod.java:59)
	at org.junit.internal.runners.model.ReflectiveCallable.run(ReflectiveCallable.java:12)
	at org.junit.runners.model.FrameworkMethod.invokeExplosively(FrameworkMethod.java:56)
	at org.junit.internal.runners.statements.InvokeMethod.evaluate(InvokeMethod.java:17)
	at org.junit.runners.ParentRunner$3.evaluate(ParentRunner.java:306)
	at org.junit.runners.BlockJUnit4ClassRunner$1.evaluate(BlockJUnit4ClassRunner.java:100)
	at org.junit.runners.ParentRunner.runLeaf(ParentRunner.java:366)
	at org.junit.runners.BlockJUnit4ClassRunner.runChild(BlockJUnit4ClassRunner.java:103)
	at org.junit.runners.BlockJUnit4ClassRunner.runChild(BlockJUnit4ClassRunner.java:63)
	at org.junit.runners.ParentRunner$4.run(ParentRunner.java:331)
	at org.junit.runners.ParentRunner$1.schedule(ParentRunner.java:79)
	at org.junit.runners.ParentRunner.runChildren(ParentRunner.java:329)
	at org.junit.runners.ParentRunner.access$100(ParentRunner.java:66)
	at org.junit.runners.ParentRunner$2.evaluate(ParentRunner.java:293)
	at org.junit.runners.ParentRunner$3.evaluate(ParentRunner.java:306)
	at org.junit.runners.ParentRunner.run(ParentRunner.java:413)
	at org.apache.maven.surefire.junit4.JUnit4Provider.execute(JUnit4Provider.java:316)
	at org.apache.maven.surefire.junit4.JUnit4Provider.executeWithRerun(JUnit4Provider.java:240)
	at org.apache.maven.surefire.junit4.JUnit4Provider.executeTestSet(JUnit4Provider.java:214)
	at org.apache.maven.surefire.junit4.JUnit4Provider.invoke(JUnit4Provider.java:155)
	at org.apache.maven.surefire.booter.ForkedBooter.runSuitesInProcess(ForkedBooter.java:385)
	at org.apache.maven.surefire.booter.ForkedBooter.execute(ForkedBooter.java:162)
	at org.apache.maven.surefire.booter.ForkedBooter.run(ForkedBooter.java:507)
	at org.apache.maven.surefire.booter.ForkedBooter.main(ForkedBooter.java:495)
]]></failure>
  </testcase>
  <testcase name="testCulturalesYGastronomicas" classname="Dominio.RecomendadorActividadesTest" time="0.0"/>
  <testcase name="testActividadesGeneralesNoSiNublado" classname="Dominio.RecomendadorActividadesTest" time="0.0"/>
  <testcase name="testHumedadMenorQueCeroLanzaExcepcion" classname="Dominio.RecomendadorActividadesTest" time="0.0"/>
  <testcase name="testAforoMaximoNegativoLanzaExcepcion" classname="Dominio.RecomendadorActividadesTest" time="0.0"/>
  <testcase name="testSenderismoEscaladaRecomendadoLimiteInferior" classname="Dominio.RecomendadorActividadesTest" time="0.0"/>
  <testcase name="testActividadesGeneralesBuenasCondiciones" classname="Dominio.RecomendadorActividadesTest" time="0.0"/>
  <testcase name="testSinRecomendaciones" classname="Dominio.RecomendadorActividadesTest" time="0.0"/>
  <testcase name="testTuvoEnfermedadReciente" classname="Dominio.RecomendadorActividadesTest" time="0.0"/>
  <testcase name="testHumedadMayorQueCienLanzaExcepcion" classname="Dominio.RecomendadorActividadesTest" time="0.0"/>
  <testcase name="testActividadesGeneralesNoSiHumedadAlta" classname="Dominio.RecomendadorActividadesTest" time="0.0"/>
  <testcase name="testCulturalesYGastronomicasBordeSuperior" classname="Dominio.RecomendadorActividadesTest" time="0.0"/>
  <testcase name="testSenderismoEscaladaAforoCompleto" classname="Dominio.RecomendadorActividadesTest" time="0.0"/>
  <testcase name="testPlayaPiscinaAforoCompleto" classname="Dominio.RecomendadorActividadesTest" time="0.0">
    <failure message="expected:&lt;[La piscina/playa está en aforo máximo].&gt; but was:&lt;[Actividad recomendada: Actividades culturales o gastronómicas].&gt;" type="org.junit.ComparisonFailure"><![CDATA[org.junit.ComparisonFailure: expected:<[La piscina/playa está en aforo máximo].> but was:<[Actividad recomendada: Actividades culturales o gastronómicas].>
	at org.junit.Assert.assertEquals(Assert.java:117)
	at org.junit.Assert.assertEquals(Assert.java:146)
	at Dominio.RecomendadorActividadesTest.testPlayaPiscinaAforoCompleto(RecomendadorActividadesTest.java:162)
	at java.base/jdk.internal.reflect.DirectMethodHandleAccessor.invoke(DirectMethodHandleAccessor.java:104)
	at java.base/java.lang.reflect.Method.invoke(Method.java:565)
	at org.junit.runners.model.FrameworkMethod$1.runReflectiveCall(FrameworkMethod.java:59)
	at org.junit.internal.runners.model.ReflectiveCallable.run(ReflectiveCallable.java:12)
	at org.junit.runners.model.FrameworkMethod.invokeExplosively(FrameworkMethod.java:56)
	at org.junit.internal.runners.statements.InvokeMethod.evaluate(InvokeMethod.java:17)
	at org.junit.runners.ParentRunner$3.evaluate(ParentRunner.java:306)
	at org.junit.runners.BlockJUnit4ClassRunner$1.evaluate(BlockJUnit4ClassRunner.java:100)
	at org.junit.runners.ParentRunner.runLeaf(ParentRunner.java:366)
	at org.junit.runners.BlockJUnit4ClassRunner.runChild(BlockJUnit4ClassRunner.java:103)
	at org.junit.runners.BlockJUnit4ClassRunner.runChild(BlockJUnit4ClassRunner.java:63)
	at org.junit.runners.ParentRunner$4.run(ParentRunner.java:331)
	at org.junit.runners.ParentRunner$1.schedule(ParentRunner.java:79)
	at org.junit.runners.ParentRunner.runChildren(ParentRunner.java:329)
	at org.junit.runners.ParentRunner.access$100(ParentRunner.java:66)
	at org.junit.runners.ParentRunner$2.evaluate(ParentRunner.java:293)
	at org.junit.runners.ParentRunner$3.evaluate(ParentRunner.java:306)
	at org.junit.runners.ParentRunner.run(ParentRunner.java:413)
	at org.apache.maven.surefire.junit4.JUnit4Provider.execute(JUnit4Provider.java:316)
	at org.apache.maven.surefire.junit4.JUnit4Provider.executeWithRerun(JUnit4Provider.java:240)
	at org.apache.maven.surefire.junit4.JUnit4Provider.executeTestSet(JUnit4Provider.java:214)
	at org.apache.maven.surefire.junit4.JUnit4Provider.invoke(JUnit4Provider.java:155)
	at org.apache.maven.surefire.booter.ForkedBooter.runSuitesInProcess(ForkedBooter.java:385)
	at org.apache.maven.surefire.booter.ForkedBooter.execute(ForkedBooter.java:162)
	at org.apache.maven.surefire.booter.ForkedBooter.run(ForkedBooter.java:507)
	at org.apache.maven.surefire.booter.ForkedBooter.main(ForkedBooter.java:495)
]]></failure>
  </testcase>
</testsuite>