<?xml version="1.0" encoding="UTF-8"?>
<testsuite xmlns:xsi="http://www.w3.org/2001/XMLSchema-instance" xsi:noNamespaceSchemaLocation="https://maven.apache.org/surefire/maven-surefire-plugin/xsd/surefire-test-report-3.0.xsd" version="3.0" name="Dominio.RecomendadorActividadesTest" time="0.015" tests="22" errors="0" skipped="0" failures="3">
  <properties>
[...]
</properties>
  <testcase name="testSaludNoEnPlenasFacultades" classname="Dominio.RecomendadorActividadesTest" time="0.0"/>
  <testcase name="testEsquiRecomendado" classname="Dominio.RecomendadorActividadesTest" time="0.0"/>
  <testcase name="testSenderismoEscaladaRecomendadoLimiteSuperior" classname="Dominio.RecomendadorActividadesTest" time="0.0"/>
  <testcase name="testPlayaPiscinaRecomendada" classname="Dominio.RecomendadorActividadesTest" time="0.0">
    <failure message="expected:&lt;...ividad recomendada: [Ir a la playa o piscina].&gt; but was:&lt;...ividad recomendada: [Actividades culturales o gastronómicas].&gt;" type="org.junit.ComparisonFailure"><![CDATA[org.junit.ComparisonFailure: expected:<...ividad recomendada: [Ir a la playa o piscina].> but was:<...ividad recomendada: [Actividades culturales o gastronómicas].>
	at org.junit.Assert.assertEquals(Assert.java:117)
	at org.junit.Assert.assertEquals(Assert.java:146)
	at Dominio.RecomendadorActividadesTest.testPlayaPiscinaRecomendada(RecomendadorActividadesTest.java:154)
	at java.base/jdk.internal.reflect.DirectMethodHandleAccessor.invoke(DirectMethodHandleAccessor.java:104)
	at java.base/java.lang.reflect.Method.invoke(Method.java:565)
	at org.junit.runners.model.FrameworkMethod$1.runReflectiveCall(FrameworkMethod.java:59)
	at org.junit.internal.runners.model.ReflectiveCallable.run(ReflectiveCallable.java:12)
	at org.junit.runners.model.FrameworkMethod.invokeExplosively(FrameworkMethod.java:56)
	at org.junit.internal.runners.statements.InvokeMethod.evaluate(InvokeMethod.java:17)
	at org.junit.runners.ParentRunner$3.evaluate(ParentRunner.java:306)
	at org.junit.runners.BlockJUnit4ClassRunner$1.evaluate(BlockJUnit4ClassRunner.java:100)
	at org.junit.runners.ParentRunner.runLeaf(ParentRunner.java:366)
	at org.junit.runners.BlockJUnit4ClassRunner.runChild(BlockJUnit4ClassRunner.java:103)
	at org.junit.runners.BlockJUnit4ClassRunner.runChild(BlockJUnit4ClassRunner.java:63)
	at org.junit.runners.ParentRunner$4.run(ParentRunner.java:331)
	at org.junit.runners.ParentRunner$1.schedule(ParentRunner.java:79)
	at org.junit.runners.ParentRunner.runChildren(ParentRunner.java:329)
	at org.junit.runners.ParentRunner.access$100(ParentRunner.java:66)
	at org.junit.runners.ParentRunner$2.evaluate(ParentRunner.java:293)
	at org.junit.runners.ParentRunner$3.evaluate(ParentRunner.java:306)
	at org.junit.runners.ParentRunner.run(ParentRunner.java:413)
	at org.apache.maven.surefire.junit4.JUnit4Provider.execute(JUnit4Provider.java:316)
	at org.apache.maven.surefire.junit4.JUnit4Provider.executeWithRerun(JUnit4Provider.java:240)
	at org.apache.maven.surefire.junit4.JUnit4Provider.executeTestSet(JUnit4Provider.java:214)
	at org.apache.maven.surefire.junit4.JUnit4Provider.invoke(JUnit4Provider.java:155)
	at org.apache.maven.surefire.booter.ForkedBooter.runSuitesInProcess(ForkedBooter.java:385)
	at org.apache.maven.surefire.booter.ForkedBooter.execute(ForkedBooter.java:162)
	at org.apache.maven.surefire.booter.ForkedBooter.run(ForkedBooter.java:507)
	at org.apache.maven.surefire.booter.ForkedBooter.main(ForkedBooter.java:495)
]]></failure>
  </testcase>
  <testcase name="testClimaExtremoQuedarseEnCasa" classname="Dominio.RecomendadorActividadesTest" time="0.0"/>
  <testcase name="testCulturalesYGastronomicasBordeInferior" classname="Dominio.RecomendadorActividadesTest" time="0.001"/>
  <testcase name="testAforoActualNegativoLanzaExcepcion" classname="Dominio.RecomendadorActividadesTest" time="0.0"/>
  <testcase name="testEsquiAforoCompleto" classname="Dominio.RecomendadorActividadesTest" time="0.0"/>
  <testcase name="testPlayaPiscinaTemperaturaJustoMayorQue30" classname="Dominio.RecomendadorActividadesTest" time="0.0">
    <failure message="expected:&lt;...ividad recomendada: [Ir a la playa o piscina].&gt; but was:&lt;...ividad recomendada: [Actividades culturales o gastronómicas].&gt;" type="org.junit.ComparisonFailure"><![CDATA[org.junit.ComparisonFailure: expected:<...ividad recomendada: [Ir a la playa o piscina].> but was:<...ividad recomendada: [Actividades culturales o gastronómicas].>
	at org.junit.Assert.assertEquals(Assert.java:117)
	at org.junit.Assert.assertEquals(Assert.java:146)
	at Dominio.RecomendadorActividadesTest.testPlayaPiscinaTemperaturaJustoMayorQue30(RecomendadorActividadesTest.java:170)
	at java.base/jdk.internal.reflect.DirectMethodHandleAccessor.invoke(DirectMethodHandleAccessor.java:104)
	at java.base/java.lang.reflect.Method.invoke(Method.java:565)
	at org.junit.runners.model.FrameworkMethod$1.runReflectiveCall(FrameworkMethod.java:59)
	at org.junit.internal.runners.model.ReflectiveCallable.run(ReflectiveCallable.java:12)
	at org.junit.runners.model.FrameworkMethod.invokeExplosively(FrameworkMethod.java:56)
	at org.junit.internal.runners.statements.InvokeMethod.evaluate(InvokeMethod.java:17)
	at org.junit.runners.ParentRunner$3.evaluate(ParentRunner.java:306)
	at org.junit.runners.BlockJUnit4ClassRunner$1.evaluate(BlockJUnit4ClassRunner.java:100)
	at org.junit.runners.ParentRunner.runLeaf(ParentRunner.java:366)
	at org.junit.runners.BlockJUnit4ClassRunner.runChild(BlockJUnit4ClassRunner.java:103)
	at org.junit.runners.BlockJUnit4ClassRunner.runChild(BlockJUnit4ClassRunner.java:63)
	at org.junit.runners.ParentRunner$4.run(ParentRunner.java:331)
	at org.junit.runners.ParentRunner$1.schedule(ParentRunner.java:79)
	at org.junit.runners.ParentRunner.runChildren(ParentRunner.java:329)
	at org.junit.runners.ParentRunner.access$100(ParentRunner.java:66)
	at org.junit.runners.ParentRunner$2.evaluate(ParentRunner.java:293)
	at org.junit.runners.ParentRunner$3.evaluate(ParentRunner.java:306)
	at org.junit.runners.ParentRunner.run(ParentRunner.java:413)
	at org.apache.maven.surefire.junit4.JUnit4Provider.execute(JUnit4Provider.java:316)
	at org.apache.maven.surefire.junit4.JUnit4Provider.executeWithRerun(JUnit4Provider.java:240)
	at org.apache.maven.surefire.junit4.JUnit4Provider.executeTestSet(JUnit4Provider.java:214)
	at org.apache.maven.surefire.junit4.JUnit4Provider.invoke(JUnit4Provider.java:155)
	at org.apache.maven.surefire.booter.ForkedBooter.runSuitesInProcess(ForkedBooter.java:385)
	at org.apache.maven.surefire.booter.ForkedBooter.execute(ForkedBooter.java:162)
	at org.apache.maven.surefire.booter.ForkedBooter.run(ForkedBooter.java:507)
	at org.apache.maven.surefire.booter.ForkedBooter.main(ForkedBooter.java:495)
]]></failure>
  </testcase>
  <testcase name="testCulturalesYGastronomicas" classname="Dominio.RecomendadorActividadesTest" time="0.0"/>
  <testcase name="testActividadesGeneralesNoSiNublado" classname="Dominio.RecomendadorActividadesTest" time="0.0"/>
  <testcase name="testHumedadMenorQueCeroLanzaExcepcion" classname="Dominio.RecomendadorActividadesTest" time="0.0"/>
  <testcase name="testAforoMaximoNegativoLanzaExcepcion" classname="Dominio.RecomendadorActividadesTest" time="0.0"/>
  <testcase name="testSenderismoEscaladaRecomendadoLimiteInferior" classname="Dominio.RecomendadorActividadesTest" time="0.0"/>
  <testcase name="testActividadesGeneralesBuenasCondiciones" classname="Dominio.RecomendadorActividadesTest" time="0.0"/>
  <testcase name="testSinRecomendaciones" classname="Dominio.RecomendadorActividadesTest" time="0.0"/>
  <testcase name="testTuvoEnfermedadReciente" classname="Dominio.RecomendadorActividadesTest" time="0.0"/>
  <testcase name="testHumedadMayorQueCienLanzaExcepcion" classname="Dominio.RecomendadorActividadesTest" time="0.0"/>
  <testcase name="testActividadesGeneralesNoSiHumedadAlta" classname="Dominio.RecomendadorActividadesTest" time="0.0"/>
  <testcase name="testCulturalesYGastronomicasBordeSuperior" classname="Dominio.RecomendadorActividadesTest" time="0.0"/>
  <testcase name="testSenderismoEscaladaAforoCompleto" classname="Dominio.RecomendadorActividadesTest" time="0.0"/>
  <testcase name="testPlayaPiscinaAforoCompleto" classname="Dominio.RecomendadorActividadesTest" time="0.0">
    <failure message="expected:&lt;[La piscina/playa está en aforo máximo].&gt; but was:&lt;[Actividad recomendada: Actividades culturales o gastronómicas].&gt;" type="org.junit.ComparisonFailure"><![CDATA[org.junit.ComparisonFailure: expected:<[La piscina/playa está en aforo máximo].> but was:<[Actividad recomendada: Actividades culturales o gastronómicas].>
	at org.junit.Assert.assertEquals(Assert.java:117)
	at org.junit.Assert.assertEquals(Assert.java:146)
	at Dominio.RecomendadorActividadesTest.testPlayaPiscinaAforoCompleto(RecomendadorActividadesTest.java:162)
	at java.base/jdk.internal.reflect.DirectMethodHandleAccessor.invoke(DirectMethodHandleAccessor.java:104)
	at java.base/java.lang.reflect.Method.invoke(Method.java:565)
	at org.junit.runners.model.FrameworkMethod$1.runReflectiveCall(FrameworkMethod.java:59)
	at org.junit.internal.runners.model.ReflectiveCallable.run(ReflectiveCallable.java:12)
	at org.junit.runners.model.FrameworkMethod.invokeExplosively(FrameworkMethod.java:56)
	at org.junit.internal.runners.statements.InvokeMethod.evaluate(InvokeMethod.java:17)
	at org.junit.runners.ParentRunner$3.evaluate(ParentRunner.java:306)
	at org.junit.runners.BlockJUnit4ClassRunner$1.evaluate(BlockJUnit4ClassRunner.java:100)
	at org.junit.runners.ParentRunner.runLeaf(ParentRunner.java:366)
	at org.junit.runners.BlockJUnit4ClassRunner.runChild(BlockJUnit4ClassRunner.java:103)
	at org.junit.runners.BlockJUnit4ClassRunner.runChild(BlockJUnit4ClassRunner.java:63)
	at org.junit.runners.ParentRunner$4.run(ParentRunner.java:331)
	at org.junit.runners.ParentRunner$1.schedule(ParentRunner.java:79)
	at org.junit.runners.ParentRunner.runChildren(ParentRunner.java:329)
	at org.junit.runners.ParentRunner.access$100(ParentRunner.java:66)
	at org.junit.runners.ParentRunner$2.evaluate(ParentRunner.java:293)
	at org.junit.runners.ParentRunner$3.evaluate(ParentRunner.java:306)
	at org.junit.runners.ParentRunner.run(ParentRunner.java:413)
	at org.apache.maven.surefire.junit4.JUnit4Provider.execute(JUnit4Provider.java:316)
	at org.apache.maven.surefire.junit4.JUnit4Provider.executeWithRerun(JUnit4Provider.java:240)
	at org.apache.maven.surefire.junit4.JUnit4Provider.executeTestSet(JUnit4Provider.java:214)
	at org.apache.maven.surefire.junit4.JUnit4Provider.invoke(JUnit4Provider.java:155)
	at org.apache.maven.surefire.booter.ForkedBooter.runSuitesInProcess(ForkedBooter.java:385)
	at org.apache.maven.surefire.booter.ForkedBooter.execute(ForkedBooter.java:162)
	at org.apache.maven.surefire.booter.ForkedBooter.run(ForkedBooter.java:507)
	at org.apache.maven.surefire.booter.ForkedBooter.main(ForkedBooter.java:495)
]]></failure>
  </testcase>
</testsuite>