<?xml version="1.0" encoding="UTF-8"?>
<testsuite xmlns:xsi="http://www.w3.org/2001/XMLSchema-instance" xsi:noNamespaceSchemaLocation="https://maven.apache.org/surefire/maven-surefire-plugin/xsd/surefire-test-report-3.0.xsd" version="3.0" name="Presentacion.MainInterfaceTest" time="0.032" tests="3" errors="0" skipped="0" failures="0">
  <properties>
[...]
</properties>
  <testcase name="testErrorInputMismatch" classname="Presentacion.MainInterfaceTest" time="0.003"/>
  <testcase name="testFlujoCorrecto" classname="Presentacion.MainInterfaceTest" time="0.013"/>
  <testcase name="testErrorHumedadInvalida" classname="Presentacion.MainInterfaceTest" time="0.008"/>
</testsuite>